<?xml version="1.0" encoding="UTF-8"?>
<!-- Generated by org.testng.reporters.JUnitReportReporter -->
<testsuite skipped="0" hostname="LAPTOP-VT9GPT9C" name="selenium.TestTestng" tests="1" failures="0" timestamp="2020-10-28T11:53:28 ICT" time="10.964" errors="0">
  <testcase name="verifySearchButton" time="10.964" classname="selenium.TestTestng"/>
  <system-out/>
</testsuite> <!-- selenium.TestTestng -->
