<?xml version="1.0" encoding="UTF-8"?>
<!-- Generated by org.testng.reporters.JUnitReportReporter -->
<testsuite skipped="0" hostname="LAPTOP-VT9GPT9C" name="selenium.TestTestng" tests="1" failures="0" timestamp="2020-10-26T16:29:33 ICT" time="3.190" errors="0">
  <testcase name="verifySearchButton" time="3.190" classname="selenium.TestTestng"/>
  <system-out/>
</testsuite> <!-- selenium.TestTestng -->
